0:0:0:0:0:0:0:1 - - [26/Mar/2022:19:13:01 +0800] "GET / HTTP/1.1" 404 431 51 Mozilla/5.0 (Windows NT 10.0; Win64; x64) AppleWebKit/537.36 (KHTML, like Gecko) Chrome/99.0.4844.82 Safari/537.36 -
0:0:0:0:0:0:0:1 - - [26/Mar/2022:19:13:01 +0800] "GET /favicon.ico HTTP/1.1" 404 431 1 Mozilla/5.0 (Windows NT 10.0; Win64; x64) AppleWebKit/537.36 (KHTML, like Gecko) Chrome/99.0.4844.82 Safari/537.36 -
0:0:0:0:0:0:0:1 - - [26/Mar/2022:19:13:24 +0800] "GET /nacos HTTP/1.1" 302 - 0 Mozilla/5.0 (Windows NT 10.0; Win64; x64) AppleWebKit/537.36 (KHTML, like Gecko) Chrome/99.0.4844.82 Safari/537.36 -
0:0:0:0:0:0:0:1 - - [26/Mar/2022:19:13:25 +0800] "GET /nacos/ HTTP/1.1" 200 2624 139 Mozilla/5.0 (Windows NT 10.0; Win64; x64) AppleWebKit/537.36 (KHTML, like Gecko) Chrome/99.0.4844.82 Safari/537.36 -
0:0:0:0:0:0:0:1 - - [26/Mar/2022:19:13:25 +0800] "GET /nacos/console-ui/public/css/bootstrap.css HTTP/1.1" 200 123294 37 Mozilla/5.0 (Windows NT 10.0; Win64; x64) AppleWebKit/537.36 (KHTML, like Gecko) Chrome/99.0.4844.82 Safari/537.36 -
0:0:0:0:0:0:0:1 - - [26/Mar/2022:19:13:25 +0800] "GET /nacos/console-ui/public/css/codemirror.css HTTP/1.1" 200 8858 24 Mozilla/5.0 (Windows NT 10.0; Win64; x64) AppleWebKit/537.36 (KHTML, like Gecko) Chrome/99.0.4844.82 Safari/537.36 -
0:0:0:0:0:0:0:1 - - [26/Mar/2022:19:13:25 +0800] "GET /nacos/console-ui/public/css/console1412.css HTTP/1.1" 200 156959 43 Mozilla/5.0 (Windows NT 10.0; Win64; x64) AppleWebKit/537.36 (KHTML, like Gecko) Chrome/99.0.4844.82 Safari/537.36 -
0:0:0:0:0:0:0:1 - - [26/Mar/2022:19:13:25 +0800] "GET /nacos/console-ui/public/css/icon.css HTTP/1.1" 200 5176 25 Mozilla/5.0 (Windows NT 10.0; Win64; x64) AppleWebKit/537.36 (KHTML, like Gecko) Chrome/99.0.4844.82 Safari/537.36 -
0:0:0:0:0:0:0:1 - - [26/Mar/2022:19:13:25 +0800] "GET /nacos/console-ui/public/css/merge.css HTTP/1.1" 200 3866 30 Mozilla/5.0 (Windows NT 10.0; Win64; x64) AppleWebKit/537.36 (KHTML, like Gecko) Chrome/99.0.4844.82 Safari/537.36 -
0:0:0:0:0:0:0:1 - - [26/Mar/2022:19:13:25 +0800] "GET /nacos/console-ui/public/css/font-awesome.css HTTP/1.1" 200 33850 22 Mozilla/5.0 (Windows NT 10.0; Win64; x64) AppleWebKit/537.36 (KHTML, like Gecko) Chrome/99.0.4844.82 Safari/537.36 -
0:0:0:0:0:0:0:1 - - [26/Mar/2022:19:13:25 +0800] "GET /nacos/css/main.css HTTP/1.1" 200 450763 26 Mozilla/5.0 (Windows NT 10.0; Win64; x64) AppleWebKit/537.36 (KHTML, like Gecko) Chrome/99.0.4844.82 Safari/537.36 -
0:0:0:0:0:0:0:1 - - [26/Mar/2022:19:13:25 +0800] "GET /nacos/console-ui/public/js/xml.js HTTP/1.1" 200 13059 9 Mozilla/5.0 (Windows NT 10.0; Win64; x64) AppleWebKit/537.36 (KHTML, like Gecko) Chrome/99.0.4844.82 Safari/537.36 -
0:0:0:0:0:0:0:1 - - [26/Mar/2022:19:13:25 +0800] "GET /nacos/console-ui/public/js/jquery.js HTTP/1.1" 200 89476 17 Mozilla/5.0 (Windows NT 10.0; Win64; x64) AppleWebKit/537.36 (KHTML, like Gecko) Chrome/99.0.4844.82 Safari/537.36 -
0:0:0:0:0:0:0:1 - - [26/Mar/2022:19:13:25 +0800] "GET /nacos/console-ui/public/js/javascript.js HTTP/1.1" 200 32209 15 Mozilla/5.0 (Windows NT 10.0; Win64; x64) AppleWebKit/537.36 (KHTML, like Gecko) Chrome/99.0.4844.82 Safari/537.36 -
0:0:0:0:0:0:0:1 - - [26/Mar/2022:19:13:25 +0800] "GET /nacos/console-ui/public/js/codemirror.js HTTP/1.1" 200 366246 19 Mozilla/5.0 (Windows NT 10.0; Win64; x64) AppleWebKit/537.36 (KHTML, like Gecko) Chrome/99.0.4844.82 Safari/537.36 -
0:0:0:0:0:0:0:1 - - [26/Mar/2022:19:13:25 +0800] "GET /nacos/console-ui/public/js/codemirror.addone.fullscreen.js HTTP/1.1" 200 1983 15 Mozilla/5.0 (Windows NT 10.0; Win64; x64) AppleWebKit/537.36 (KHTML, like Gecko) Chrome/99.0.4844.82 Safari/537.36 -
0:0:0:0:0:0:0:1 - - [26/Mar/2022:19:13:25 +0800] "GET /nacos/console-ui/public/js/codemirror.addone.lint.js HTTP/1.1" 200 8521 11 Mozilla/5.0 (Windows NT 10.0; Win64; x64) AppleWebKit/537.36 (KHTML, like Gecko) Chrome/99.0.4844.82 Safari/537.36 -
0:0:0:0:0:0:0:1 - - [26/Mar/2022:19:13:25 +0800] "GET /nacos/console-ui/public/js/codemirror.addone.json-lint.js HTTP/1.1" 200 1443 7 Mozilla/5.0 (Windows NT 10.0; Win64; x64) AppleWebKit/537.36 (KHTML, like Gecko) Chrome/99.0.4844.82 Safari/537.36 -
0:0:0:0:0:0:0:1 - - [26/Mar/2022:19:13:25 +0800] "GET /nacos/console-ui/public/js/codemirror.lib.json-lint.js HTTP/1.1" 200 16798 8 Mozilla/5.0 (Windows NT 10.0; Win64; x64) AppleWebKit/537.36 (KHTML, like Gecko) Chrome/99.0.4844.82 Safari/537.36 -
0:0:0:0:0:0:0:1 - - [26/Mar/2022:19:13:25 +0800] "GET /nacos/console-ui/public/js/codemirror.lib.clike-lint.js HTTP/1.1" 200 31531 9 Mozilla/5.0 (Windows NT 10.0; Win64; x64) AppleWebKit/537.36 (KHTML, like Gecko) Chrome/99.0.4844.82 Safari/537.36 -
0:0:0:0:0:0:0:1 - - [26/Mar/2022:19:13:25 +0800] "GET /nacos/console-ui/public/js/diff_match_patch.js HTTP/1.1" 200 19192 8 Mozilla/5.0 (Windows NT 10.0; Win64; x64) AppleWebKit/537.36 (KHTML, like Gecko) Chrome/99.0.4844.82 Safari/537.36 -
0:0:0:0:0:0:0:1 - - [26/Mar/2022:19:13:25 +0800] "GET /nacos/console-ui/public/js/merge.js HTTP/1.1" 200 37883 6 Mozilla/5.0 (Windows NT 10.0; Win64; x64) AppleWebKit/537.36 (KHTML, like Gecko) Chrome/99.0.4844.82 Safari/537.36 -
0:0:0:0:0:0:0:1 - - [26/Mar/2022:19:13:25 +0800] "GET /nacos/console-ui/public/js/loader.js HTTP/1.1" 200 28899 7 Mozilla/5.0 (Windows NT 10.0; Win64; x64) AppleWebKit/537.36 (KHTML, like Gecko) Chrome/99.0.4844.82 Safari/537.36 -
0:0:0:0:0:0:0:1 - - [26/Mar/2022:19:13:25 +0800] "GET /nacos/js/main.js HTTP/1.1" 200 9650532 95 Mozilla/5.0 (Windows NT 10.0; Win64; x64) AppleWebKit/537.36 (KHTML, like Gecko) Chrome/99.0.4844.82 Safari/537.36 -
0:0:0:0:0:0:0:1 - - [26/Mar/2022:19:13:25 +0800] "GET /nacos/console-ui/public/js/vs/editor/editor.main.js HTTP/1.1" 200 1824087 16 Mozilla/5.0 (Windows NT 10.0; Win64; x64) AppleWebKit/537.36 (KHTML, like Gecko) Chrome/99.0.4844.82 Safari/537.36 -
0:0:0:0:0:0:0:1 - - [26/Mar/2022:19:13:25 +0800] "GET /nacos/img/logo-2000-390.svg HTTP/1.1" 200 2106 7 Mozilla/5.0 (Windows NT 10.0; Win64; x64) AppleWebKit/537.36 (KHTML, like Gecko) Chrome/99.0.4844.82 Safari/537.36 -
0:0:0:0:0:0:0:1 - - [26/Mar/2022:19:13:25 +0800] "GET /nacos/v1/console/server/state?accessToken=eyJhbGciOiJIUzI1NiJ9.eyJzdWIiOiJuYWNvcyIsImV4cCI6MTYxOTQ2ODMyMn0.n6d1nH46QT7GodvNOa32ZD1DJz_7ZXEhlcu1xO4KHM4 HTTP/1.1" 200 82 24 Mozilla/5.0 (Windows NT 10.0; Win64; x64) AppleWebKit/537.36 (KHTML, like Gecko) Chrome/99.0.4844.82 Safari/537.36 -
0:0:0:0:0:0:0:1 - - [26/Mar/2022:19:13:25 +0800] "GET /nacos/console-ui/public/icons/icon-font.woff2 HTTP/1.1" 404 177 32 Mozilla/5.0 (Windows NT 10.0; Win64; x64) AppleWebKit/537.36 (KHTML, like Gecko) Chrome/99.0.4844.82 Safari/537.36 -
0:0:0:0:0:0:0:1 - - [26/Mar/2022:19:13:25 +0800] "GET /nacos/v1/console/namespaces?&accessToken=eyJhbGciOiJIUzI1NiJ9.eyJzdWIiOiJuYWNvcyIsImV4cCI6MTYxOTQ2ODMyMn0.n6d1nH46QT7GodvNOa32ZD1DJz_7ZXEhlcu1xO4KHM4&namespaceId= HTTP/1.1" 200 130 12 Mozilla/5.0 (Windows NT 10.0; Win64; x64) AppleWebKit/537.36 (KHTML, like Gecko) Chrome/99.0.4844.82 Safari/537.36 -
0:0:0:0:0:0:0:1 - - [26/Mar/2022:19:13:25 +0800] "GET /nacos/v1/cs/configs?dataId=&group=&appName=&config_tags=&pageNo=1&pageSize=10&tenant=&search=accurate&accessToken=eyJhbGciOiJIUzI1NiJ9.eyJzdWIiOiJuYWNvcyIsImV4cCI6MTYxOTQ2ODMyMn0.n6d1nH46QT7GodvNOa32ZD1DJz_7ZXEhlcu1xO4KHM4 HTTP/1.1" 200 76 18 Mozilla/5.0 (Windows NT 10.0; Win64; x64) AppleWebKit/537.36 (KHTML, like Gecko) Chrome/99.0.4844.82 Safari/537.36 -
0:0:0:0:0:0:0:1 - - [26/Mar/2022:19:13:25 +0800] "GET /nacos/console-ui/public/js/vs/editor/editor.main.css HTTP/1.1" 200 172199 6 Mozilla/5.0 (Windows NT 10.0; Win64; x64) AppleWebKit/537.36 (KHTML, like Gecko) Chrome/99.0.4844.82 Safari/537.36 -
0:0:0:0:0:0:0:1 - - [26/Mar/2022:19:13:25 +0800] "GET /nacos/console-ui/public/js/vs/editor/editor.main.nls.zh-cn.js HTTP/1.1" 200 22864 5 Mozilla/5.0 (Windows NT 10.0; Win64; x64) AppleWebKit/537.36 (KHTML, like Gecko) Chrome/99.0.4844.82 Safari/537.36 -
0:0:0:0:0:0:0:1 - - [26/Mar/2022:19:13:25 +0800] "GET /nacos/console-ui/public/icons/icon-font.woff HTTP/1.1" 200 5504 5 Mozilla/5.0 (Windows NT 10.0; Win64; x64) AppleWebKit/537.36 (KHTML, like Gecko) Chrome/99.0.4844.82 Safari/537.36 -
0:0:0:0:0:0:0:1 - - [26/Mar/2022:19:13:25 +0800] "GET /nacos/console-ui/public/img/favicon.ico HTTP/1.1" 200 4286 11 Mozilla/5.0 (Windows NT 10.0; Win64; x64) AppleWebKit/537.36 (KHTML, like Gecko) Chrome/99.0.4844.82 Safari/537.36 -
0:0:0:0:0:0:0:1 - - [26/Mar/2022:19:13:33 +0800] "GET /nacos/v1/cs/configs?dataId=&group=&appName=&config_tags=&pageNo=1&pageSize=10&tenant=&search=accurate&accessToken=eyJhbGciOiJIUzI1NiJ9.eyJzdWIiOiJuYWNvcyIsImV4cCI6MTYxOTQ2ODMyMn0.n6d1nH46QT7GodvNOa32ZD1DJz_7ZXEhlcu1xO4KHM4 HTTP/1.1" 200 76 6 Mozilla/5.0 (Windows NT 10.0; Win64; x64) AppleWebKit/537.36 (KHTML, like Gecko) Chrome/99.0.4844.82 Safari/537.36 -
0:0:0:0:0:0:0:1 - - [26/Mar/2022:19:13:40 +0800] "GET /nacos/v1/ns/catalog/services?hasIpCount=true&withInstances=false&pageNo=1&pageSize=10&serviceNameParam=&groupNameParam=&accessToken=eyJhbGciOiJIUzI1NiJ9.eyJzdWIiOiJuYWNvcyIsImV4cCI6MTYxOTQ2ODMyMn0.n6d1nH46QT7GodvNOa32ZD1DJz_7ZXEhlcu1xO4KHM4&namespaceId= HTTP/1.1" 200 39 15 Mozilla/5.0 (Windows NT 10.0; Win64; x64) AppleWebKit/537.36 (KHTML, like Gecko) Chrome/99.0.4844.82 Safari/537.36 -
0:0:0:0:0:0:0:1 - - [26/Mar/2022:19:13:42 +0800] "GET /nacos/v1/cs/configs?dataId=&group=&appName=&config_tags=&pageNo=1&pageSize=10&tenant=&search=accurate&accessToken=eyJhbGciOiJIUzI1NiJ9.eyJzdWIiOiJuYWNvcyIsImV4cCI6MTYxOTQ2ODMyMn0.n6d1nH46QT7GodvNOa32ZD1DJz_7ZXEhlcu1xO4KHM4 HTTP/1.1" 200 76 3 Mozilla/5.0 (Windows NT 10.0; Win64; x64) AppleWebKit/537.36 (KHTML, like Gecko) Chrome/99.0.4844.82 Safari/537.36 -
0:0:0:0:0:0:0:1 - - [26/Mar/2022:19:13:47 +0800] "GET /nacos/console-ui/public/js/vs/base/worker/workerMain.js HTTP/1.1" 200 151535 7 Mozilla/5.0 (Windows NT 10.0; Win64; x64) AppleWebKit/537.36 (KHTML, like Gecko) Chrome/99.0.4844.82 Safari/537.36 -
0:0:0:0:0:0:0:1 - - [26/Mar/2022:19:13:55 +0800] "GET /nacos/console-ui/public/js/vs/basic-languages/src/yaml.js HTTP/1.1" 200 3869 5 Mozilla/5.0 (Windows NT 10.0; Win64; x64) AppleWebKit/537.36 (KHTML, like Gecko) Chrome/99.0.4844.82 Safari/537.36 -
0:0:0:0:0:0:0:1 - - [26/Mar/2022:19:14:00 +0800] "GET /nacos/v1/cs/configs?&accessToken=eyJhbGciOiJIUzI1NiJ9.eyJzdWIiOiJuYWNvcyIsImV4cCI6MTYxOTQ2ODMyMn0.n6d1nH46QT7GodvNOa32ZD1DJz_7ZXEhlcu1xO4KHM4&show=all&dataId=wjl&group=DEFAULT_GROUP&tenant=&namespaceId= HTTP/1.1" 200 - 13 Mozilla/5.0 (Windows NT 10.0; Win64; x64) AppleWebKit/537.36 (KHTML, like Gecko) Chrome/99.0.4844.82 Safari/537.36 -
0:0:0:0:0:0:0:1 - - [26/Mar/2022:19:14:00 +0800] "POST /nacos/v1/cs/configs?&accessToken=eyJhbGciOiJIUzI1NiJ9.eyJzdWIiOiJuYWNvcyIsImV4cCI6MTYxOTQ2ODMyMn0.n6d1nH46QT7GodvNOa32ZD1DJz_7ZXEhlcu1xO4KHM4 HTTP/1.1" 200 14 119 Mozilla/5.0 (Windows NT 10.0; Win64; x64) AppleWebKit/537.36 (KHTML, like Gecko) Chrome/99.0.4844.82 Safari/537.36 -
192.168.182.1 - - [26/Mar/2022:19:14:01 +0800] "GET /nacos/v1/cs/communication/dataChange?dataId=wjl&group=DEFAULT_GROUP HTTP/1.1" 200 14 9 Apache-HttpAsyncClient/4.1.3 (Java/1.8.0_112) -
0:0:0:0:0:0:0:1 - - [26/Mar/2022:19:14:04 +0800] "GET /nacos/v1/cs/configs?dataId=&group=&appName=&config_tags=&pageNo=1&pageSize=10&tenant=&search=accurate&accessToken=eyJhbGciOiJIUzI1NiJ9.eyJzdWIiOiJuYWNvcyIsImV4cCI6MTYxOTQ2ODMyMn0.n6d1nH46QT7GodvNOa32ZD1DJz_7ZXEhlcu1xO4KHM4 HTTP/1.1" 200 193 33 Mozilla/5.0 (Windows NT 10.0; Win64; x64) AppleWebKit/537.36 (KHTML, like Gecko) Chrome/99.0.4844.82 Safari/537.36 -
0:0:0:0:0:0:0:1 - - [26/Mar/2022:22:15:47 +0800] "GET /nacos/v1/cs/configs?dataId=wjl&group=DEFAULT_GROUP&namespaceId=&tenant=&beta=true&accessToken=eyJhbGciOiJIUzI1NiJ9.eyJzdWIiOiJuYWNvcyIsImV4cCI6MTYxOTQ2ODMyMn0.n6d1nH46QT7GodvNOa32ZD1DJz_7ZXEhlcu1xO4KHM4 HTTP/1.1" 200 60 4 Mozilla/5.0 (Windows NT 10.0; Win64; x64) AppleWebKit/537.36 (KHTML, like Gecko) Chrome/99.0.4844.82 Safari/537.36 -
0:0:0:0:0:0:0:1 - - [26/Mar/2022:22:15:47 +0800] "GET /nacos/v1/cs/configs?dataId=wjl&group=DEFAULT_GROUP&namespaceId=&tenant=&show=all&accessToken=eyJhbGciOiJIUzI1NiJ9.eyJzdWIiOiJuYWNvcyIsImV4cCI6MTYxOTQ2ODMyMn0.n6d1nH46QT7GodvNOa32ZD1DJz_7ZXEhlcu1xO4KHM4 HTTP/1.1" 200 329 24 Mozilla/5.0 (Windows NT 10.0; Win64; x64) AppleWebKit/537.36 (KHTML, like Gecko) Chrome/99.0.4844.82 Safari/537.36 -
0:0:0:0:0:0:0:1 - - [26/Mar/2022:22:15:47 +0800] "GET /nacos/console-ui/public/js/vs/base/worker/workerMain.js HTTP/1.1" 200 151535 7 Mozilla/5.0 (Windows NT 10.0; Win64; x64) AppleWebKit/537.36 (KHTML, like Gecko) Chrome/99.0.4844.82 Safari/537.36 -
0:0:0:0:0:0:0:1 - - [26/Mar/2022:22:15:53 +0800] "POST /nacos/v1/cs/configs?accessToken=eyJhbGciOiJIUzI1NiJ9.eyJzdWIiOiJuYWNvcyIsImV4cCI6MTYxOTQ2ODMyMn0.n6d1nH46QT7GodvNOa32ZD1DJz_7ZXEhlcu1xO4KHM4 HTTP/1.1" 200 14 110 Mozilla/5.0 (Windows NT 10.0; Win64; x64) AppleWebKit/537.36 (KHTML, like Gecko) Chrome/99.0.4844.82 Safari/537.36 -
192.168.182.1 - - [26/Mar/2022:22:15:53 +0800] "GET /nacos/v1/cs/communication/dataChange?dataId=wjl&group=DEFAULT_GROUP HTTP/1.1" 200 14 2 Apache-HttpAsyncClient/4.1.3 (Java/1.8.0_112) -
0:0:0:0:0:0:0:1 - - [26/Mar/2022:22:15:53 +0800] "GET /nacos/v1/cs/configs?dataId=wjl&group=DEFAULT_GROUP&namespaceId=&tenant=&show=all&accessToken=eyJhbGciOiJIUzI1NiJ9.eyJzdWIiOiJuYWNvcyIsImV4cCI6MTYxOTQ2ODMyMn0.n6d1nH46QT7GodvNOa32ZD1DJz_7ZXEhlcu1xO4KHM4 HTTP/1.1" 200 321 4 Mozilla/5.0 (Windows NT 10.0; Win64; x64) AppleWebKit/537.36 (KHTML, like Gecko) Chrome/99.0.4844.82 Safari/537.36 -
